<?xml version="1.0" encoding="UTF-8"?>
<!-- Generated by org.testng.reporters.JUnitReportReporter -->
<testsuite hostname="DESKTOP-DCV3I3L" failures="0" tests="1" name="com.MavenTestNGJenkins.BaseClass" time="12.131" errors="0" timestamp="29 Dec 2018 15:48:55 GMT" skipped="0">
  <testcase classname="com.MavenTestNGJenkins.BaseClass" name="setup" time="12.131"/>
</testsuite> <!-- com.MavenTestNGJenkins.BaseClass -->
