<?xml version="1.0" encoding="UTF-8"?>
<!-- Generated by org.testng.reporters.JUnitReportReporter -->
<testsuite hostname="DESKTOP-DCV3I3L" failures="0" tests="1" name="com.MavenTestNGJenkins.BaseClass" time="8.287" errors="0" timestamp="29 Dec 2018 17:11:00 GMT" skipped="0">
  <testcase classname="com.MavenTestNGJenkins.BaseClass" name="setup" time="8.287"/>
</testsuite> <!-- com.MavenTestNGJenkins.BaseClass -->
